C:\PROG\VS\ALGORITHMLEARN\SORTLEARN\SIMPLESELECTSORT\DEBUG\MAIN.OBJ
C:\PROG\VS\ALGORITHMLEARN\SORTLEARN\SIMPLESELECTSORT\DEBUG\VC110.PDB
C:\PROG\VS\ALGORITHMLEARN\SORTLEARN\DEBUG\SIMPLESELECTSORT.ILK
C:\PROG\VS\ALGORITHMLEARN\SORTLEARN\DEBUG\SIMPLESELECTSORT.EXE
C:\PROG\VS\ALGORITHMLEARN\SORTLEARN\DEBUG\SIMPLESELECTSORT.PDB
C:\prog\vs\algorithmLearn\sortLearn\SimpleSelectSort\Debug\main.obj
C:\prog\vs\algorithmLearn\sortLearn\SimpleSelectSort\Debug\cl.command.1.tlog
C:\prog\vs\algorithmLearn\sortLearn\SimpleSelectSort\Debug\CL.read.1.tlog
C:\prog\vs\algorithmLearn\sortLearn\SimpleSelectSort\Debug\CL.write.1.tlog
C:\prog\vs\algorithmLearn\sortLearn\SimpleSelectSort\Debug\link-cvtres.read.1.tlog
C:\prog\vs\algorithmLearn\sortLearn\SimpleSelectSort\Debug\link-cvtres.write.1.tlog
C:\prog\vs\algorithmLearn\sortLearn\SimpleSelectSort\Debug\link-rc.read.1.tlog
C:\prog\vs\algorithmLearn\sortLearn\SimpleSelectSort\Debug\link-rc.write.1.tlog
C:\prog\vs\algorithmLearn\sortLearn\SimpleSelectSort\Debug\link.command.1.tlog
C:\prog\vs\algorithmLearn\sortLearn\SimpleSelectSort\Debug\link.read.1.tlog
C:\prog\vs\algorithmLearn\sortLearn\SimpleSelectSort\Debug\link.write.1.tlog
C:\prog\vs\algorithmLearn\sortLearn\SimpleSelectSort\Debug\vc110.idb
C:\prog\vs\algorithmLearn\sortLearn\SimpleSelectSort\Debug\vc110.pdb
C:\prog\vs\algorithmLearn\sortLearn\Debug\SimpleSelectSort.pdb
C:\prog\vs\algorithmLearn\sortLearn\Debug\SimpleSelectSort.exe
C:\prog\vs\algorithmLearn\sortLearn\Debug\SimpleSelectSort.ilk
