C:\PROG\VS\ALGORITHMLEARN\SORTLEARN\SHELLINSERTSORT\DEBUG\MAIN.OBJ
C:\PROG\VS\ALGORITHMLEARN\SORTLEARN\SHELLINSERTSORT\DEBUG\VC110.PDB
C:\PROG\VS\ALGORITHMLEARN\SORTLEARN\DEBUG\SHELLINSERTSORT.ILK
C:\PROG\VS\ALGORITHMLEARN\SORTLEARN\DEBUG\SHELLINSERTSORT.EXE
C:\PROG\VS\ALGORITHMLEARN\SORTLEARN\DEBUG\SHELLINSERTSORT.PDB
C:\prog\vs\algorithmLearn\sortLearn\shellInsertSort\Debug\main.obj
C:\prog\vs\algorithmLearn\sortLearn\shellInsertSort\Debug\cl.command.1.tlog
C:\prog\vs\algorithmLearn\sortLearn\shellInsertSort\Debug\CL.read.1.tlog
C:\prog\vs\algorithmLearn\sortLearn\shellInsertSort\Debug\CL.write.1.tlog
C:\prog\vs\algorithmLearn\sortLearn\shellInsertSort\Debug\link-cvtres.read.1.tlog
C:\prog\vs\algorithmLearn\sortLearn\shellInsertSort\Debug\link-cvtres.write.1.tlog
C:\prog\vs\algorithmLearn\sortLearn\shellInsertSort\Debug\link-rc.read.1.tlog
C:\prog\vs\algorithmLearn\sortLearn\shellInsertSort\Debug\link-rc.write.1.tlog
C:\prog\vs\algorithmLearn\sortLearn\shellInsertSort\Debug\link.command.1.tlog
C:\prog\vs\algorithmLearn\sortLearn\shellInsertSort\Debug\link.read.1.tlog
C:\prog\vs\algorithmLearn\sortLearn\shellInsertSort\Debug\link.write.1.tlog
C:\prog\vs\algorithmLearn\sortLearn\shellInsertSort\Debug\vc110.idb
C:\prog\vs\algorithmLearn\sortLearn\shellInsertSort\Debug\vc110.pdb
C:\prog\vs\algorithmLearn\sortLearn\Debug\shellInsertSort.pdb
C:\prog\vs\algorithmLearn\sortLearn\Debug\shellInsertSort.exe
C:\prog\vs\algorithmLearn\sortLearn\Debug\shellInsertSort.ilk
