C:\PROG\VS\ALGORITHMLEARN\SORTLEARN\BUMPSORT\DEBUG\MAIN.OBJ
C:\PROG\VS\ALGORITHMLEARN\SORTLEARN\BUMPSORT\DEBUG\VC110.PDB
C:\PROG\VS\ALGORITHMLEARN\SORTLEARN\DEBUG\BUBBLESORT.ILK
C:\PROG\VS\ALGORITHMLEARN\SORTLEARN\DEBUG\BUBBLESORT.EXE
C:\PROG\VS\ALGORITHMLEARN\SORTLEARN\DEBUG\BUBBLESORT.PDB
C:\prog\vs\algorithmLearn\sortLearn\BumpSort\Debug\main.obj
C:\prog\vs\algorithmLearn\sortLearn\BumpSort\Debug\cl.command.1.tlog
C:\prog\vs\algorithmLearn\sortLearn\BumpSort\Debug\CL.read.1.tlog
C:\prog\vs\algorithmLearn\sortLearn\BumpSort\Debug\CL.write.1.tlog
C:\prog\vs\algorithmLearn\sortLearn\BumpSort\Debug\link-cvtres.read.1.tlog
C:\prog\vs\algorithmLearn\sortLearn\BumpSort\Debug\link-cvtres.write.1.tlog
C:\prog\vs\algorithmLearn\sortLearn\BumpSort\Debug\link-rc.read.1.tlog
C:\prog\vs\algorithmLearn\sortLearn\BumpSort\Debug\link-rc.write.1.tlog
C:\prog\vs\algorithmLearn\sortLearn\BumpSort\Debug\link.command.1.tlog
C:\prog\vs\algorithmLearn\sortLearn\BumpSort\Debug\link.read.1.tlog
C:\prog\vs\algorithmLearn\sortLearn\BumpSort\Debug\link.write.1.tlog
C:\prog\vs\algorithmLearn\sortLearn\BumpSort\Debug\vc110.idb
C:\prog\vs\algorithmLearn\sortLearn\BumpSort\Debug\vc110.pdb
C:\prog\vs\algorithmLearn\sortLearn\Debug\BubbleSort.pdb
C:\prog\vs\algorithmLearn\sortLearn\Debug\BubbleSort.exe
C:\prog\vs\algorithmLearn\sortLearn\Debug\BubbleSort.ilk
