C:\PROG\VS\ALGORITHMLEARN\SEARCHLEARN\SEQUENTIALSEARCH\DEBUG\MAIN.OBJ
C:\PROG\VS\ALGORITHMLEARN\SEARCHLEARN\SEQUENTIALSEARCH\DEBUG\VC110.PDB
C:\PROG\VS\ALGORITHMLEARN\SEARCHLEARN\DEBUG\SEQUENCESEARCH.ILK
C:\PROG\VS\ALGORITHMLEARN\SEARCHLEARN\DEBUG\SEQUENCESEARCH.EXE
C:\PROG\VS\ALGORITHMLEARN\SEARCHLEARN\DEBUG\SEQUENCESEARCH.PDB
C:\prog\vs\algorithmLearn\searchLearn\SequentialSearch\Debug\main.obj
C:\prog\vs\algorithmLearn\searchLearn\SequentialSearch\Debug\cl.command.1.tlog
C:\prog\vs\algorithmLearn\searchLearn\SequentialSearch\Debug\CL.read.1.tlog
C:\prog\vs\algorithmLearn\searchLearn\SequentialSearch\Debug\CL.write.1.tlog
C:\prog\vs\algorithmLearn\searchLearn\SequentialSearch\Debug\link-cvtres.read.1.tlog
C:\prog\vs\algorithmLearn\searchLearn\SequentialSearch\Debug\link-cvtres.write.1.tlog
C:\prog\vs\algorithmLearn\searchLearn\SequentialSearch\Debug\link-rc.read.1.tlog
C:\prog\vs\algorithmLearn\searchLearn\SequentialSearch\Debug\link-rc.write.1.tlog
C:\prog\vs\algorithmLearn\searchLearn\SequentialSearch\Debug\link.command.1.tlog
C:\prog\vs\algorithmLearn\searchLearn\SequentialSearch\Debug\link.read.1.tlog
C:\prog\vs\algorithmLearn\searchLearn\SequentialSearch\Debug\link.write.1.tlog
C:\prog\vs\algorithmLearn\searchLearn\SequentialSearch\Debug\vc110.idb
C:\prog\vs\algorithmLearn\searchLearn\SequentialSearch\Debug\vc110.pdb
C:\prog\vs\algorithmLearn\searchLearn\Debug\SequenceSearch.pdb
C:\prog\vs\algorithmLearn\searchLearn\Debug\SequenceSearch.exe
C:\prog\vs\algorithmLearn\searchLearn\Debug\SequenceSearch.ilk
