C:\PROG\VS\ALGORITHMLEARN\SORTLEARN\BUMPADVANCE_2_SORT\DEBUG\MAIN.OBJ
C:\PROG\VS\ALGORITHMLEARN\SORTLEARN\BUMPADVANCE_2_SORT\DEBUG\VC110.PDB
C:\PROG\VS\ALGORITHMLEARN\SORTLEARN\DEBUG\BUBBLEADVANCE_2_SORT.ILK
C:\PROG\VS\ALGORITHMLEARN\SORTLEARN\DEBUG\BUBBLEADVANCE_2_SORT.EXE
C:\PROG\VS\ALGORITHMLEARN\SORTLEARN\DEBUG\BUBBLEADVANCE_2_SORT.PDB
C:\prog\vs\algorithmLearn\sortLearn\BumpAdvance_2_Sort\Debug\main.obj
C:\prog\vs\algorithmLearn\sortLearn\BumpAdvance_2_Sort\Debug\cl.command.1.tlog
C:\prog\vs\algorithmLearn\sortLearn\BumpAdvance_2_Sort\Debug\CL.read.1.tlog
C:\prog\vs\algorithmLearn\sortLearn\BumpAdvance_2_Sort\Debug\CL.write.1.tlog
C:\prog\vs\algorithmLearn\sortLearn\BumpAdvance_2_Sort\Debug\link-cvtres.read.1.tlog
C:\prog\vs\algorithmLearn\sortLearn\BumpAdvance_2_Sort\Debug\link-cvtres.write.1.tlog
C:\prog\vs\algorithmLearn\sortLearn\BumpAdvance_2_Sort\Debug\link-rc.read.1.tlog
C:\prog\vs\algorithmLearn\sortLearn\BumpAdvance_2_Sort\Debug\link-rc.write.1.tlog
C:\prog\vs\algorithmLearn\sortLearn\BumpAdvance_2_Sort\Debug\link.command.1.tlog
C:\prog\vs\algorithmLearn\sortLearn\BumpAdvance_2_Sort\Debug\link.read.1.tlog
C:\prog\vs\algorithmLearn\sortLearn\BumpAdvance_2_Sort\Debug\link.write.1.tlog
C:\prog\vs\algorithmLearn\sortLearn\BumpAdvance_2_Sort\Debug\vc110.idb
C:\prog\vs\algorithmLearn\sortLearn\BumpAdvance_2_Sort\Debug\vc110.pdb
C:\prog\vs\algorithmLearn\sortLearn\Debug\BubbleAdvance_2_Sort.pdb
C:\prog\vs\algorithmLearn\sortLearn\Debug\BubbleAdvance_2_Sort.exe
C:\prog\vs\algorithmLearn\sortLearn\Debug\BubbleAdvance_2_Sort.ilk
