C:\PROG\VS\ALGORITHMLEARN\SORTLEARN\MERGESORT\DEBUG\MAIN.OBJ
C:\PROG\VS\ALGORITHMLEARN\SORTLEARN\MERGESORT\DEBUG\VC110.PDB
C:\PROG\VS\ALGORITHMLEARN\SORTLEARN\DEBUG\MERGESORT.ILK
C:\PROG\VS\ALGORITHMLEARN\SORTLEARN\DEBUG\MERGESORT.EXE
C:\PROG\VS\ALGORITHMLEARN\SORTLEARN\DEBUG\MERGESORT.PDB
C:\prog\vs\algorithmLearn\sortLearn\MergeSort\Debug\main.obj
C:\prog\vs\algorithmLearn\sortLearn\MergeSort\Debug\cl.command.1.tlog
C:\prog\vs\algorithmLearn\sortLearn\MergeSort\Debug\CL.read.1.tlog
C:\prog\vs\algorithmLearn\sortLearn\MergeSort\Debug\CL.write.1.tlog
C:\prog\vs\algorithmLearn\sortLearn\MergeSort\Debug\link-cvtres.read.1.tlog
C:\prog\vs\algorithmLearn\sortLearn\MergeSort\Debug\link-cvtres.write.1.tlog
C:\prog\vs\algorithmLearn\sortLearn\MergeSort\Debug\link-rc.read.1.tlog
C:\prog\vs\algorithmLearn\sortLearn\MergeSort\Debug\link-rc.write.1.tlog
C:\prog\vs\algorithmLearn\sortLearn\MergeSort\Debug\link.command.1.tlog
C:\prog\vs\algorithmLearn\sortLearn\MergeSort\Debug\link.read.1.tlog
C:\prog\vs\algorithmLearn\sortLearn\MergeSort\Debug\link.write.1.tlog
C:\prog\vs\algorithmLearn\sortLearn\MergeSort\Debug\vc110.idb
C:\prog\vs\algorithmLearn\sortLearn\MergeSort\Debug\vc110.pdb
C:\prog\vs\algorithmLearn\sortLearn\Debug\MergeSort.pdb
C:\prog\vs\algorithmLearn\sortLearn\Debug\MergeSort.exe
C:\prog\vs\algorithmLearn\sortLearn\Debug\MergeSort.ilk
