C:\PROG\VS\ALGORITHMLEARN\SORTLEARN\BINARYSELECTSORT\DEBUG\MAIN.OBJ
C:\PROG\VS\ALGORITHMLEARN\SORTLEARN\BINARYSELECTSORT\DEBUG\VC110.PDB
C:\PROG\VS\ALGORITHMLEARN\SORTLEARN\DEBUG\BINARYSELECTSORT.ILK
C:\PROG\VS\ALGORITHMLEARN\SORTLEARN\DEBUG\BINARYSELECTSORT.EXE
C:\PROG\VS\ALGORITHMLEARN\SORTLEARN\DEBUG\BINARYSELECTSORT.PDB
C:\prog\vs\algorithmLearn\sortLearn\BinarySelectSort\Debug\main.obj
C:\prog\vs\algorithmLearn\sortLearn\BinarySelectSort\Debug\cl.command.1.tlog
C:\prog\vs\algorithmLearn\sortLearn\BinarySelectSort\Debug\CL.read.1.tlog
C:\prog\vs\algorithmLearn\sortLearn\BinarySelectSort\Debug\CL.write.1.tlog
C:\prog\vs\algorithmLearn\sortLearn\BinarySelectSort\Debug\link-cvtres.read.1.tlog
C:\prog\vs\algorithmLearn\sortLearn\BinarySelectSort\Debug\link-cvtres.write.1.tlog
C:\prog\vs\algorithmLearn\sortLearn\BinarySelectSort\Debug\link-rc.read.1.tlog
C:\prog\vs\algorithmLearn\sortLearn\BinarySelectSort\Debug\link-rc.write.1.tlog
C:\prog\vs\algorithmLearn\sortLearn\BinarySelectSort\Debug\link.command.1.tlog
C:\prog\vs\algorithmLearn\sortLearn\BinarySelectSort\Debug\link.read.1.tlog
C:\prog\vs\algorithmLearn\sortLearn\BinarySelectSort\Debug\link.write.1.tlog
C:\prog\vs\algorithmLearn\sortLearn\BinarySelectSort\Debug\vc110.idb
C:\prog\vs\algorithmLearn\sortLearn\BinarySelectSort\Debug\vc110.pdb
C:\prog\vs\algorithmLearn\sortLearn\Debug\BinarySelectSort.pdb
C:\prog\vs\algorithmLearn\sortLearn\Debug\BinarySelectSort.exe
C:\prog\vs\algorithmLearn\sortLearn\Debug\BinarySelectSort.ilk
