C:\PROG\VS\ALGORITHMLEARN\SORTLEARN\SORTLEARN\DEBUG\MAIN.OBJ
C:\PROG\VS\ALGORITHMLEARN\SORTLEARN\SORTLEARN\DEBUG\VC110.PDB
C:\PROG\VS\ALGORITHMLEARN\SORTLEARN\DEBUG\STRAIGHTINSERTSORT.ILK
C:\PROG\VS\ALGORITHMLEARN\SORTLEARN\DEBUG\STRAIGHTINSERTSORT.EXE
C:\PROG\VS\ALGORITHMLEARN\SORTLEARN\DEBUG\STRAIGHTINSERTSORT.PDB
C:\prog\vs\algorithmLearn\sortLearn\sortLearn\Debug\main.obj
C:\prog\vs\algorithmLearn\sortLearn\sortLearn\Debug\cl.command.1.tlog
C:\prog\vs\algorithmLearn\sortLearn\sortLearn\Debug\CL.read.1.tlog
C:\prog\vs\algorithmLearn\sortLearn\sortLearn\Debug\CL.write.1.tlog
C:\prog\vs\algorithmLearn\sortLearn\sortLearn\Debug\link-cvtres.read.1.tlog
C:\prog\vs\algorithmLearn\sortLearn\sortLearn\Debug\link-cvtres.write.1.tlog
C:\prog\vs\algorithmLearn\sortLearn\sortLearn\Debug\link-rc.read.1.tlog
C:\prog\vs\algorithmLearn\sortLearn\sortLearn\Debug\link-rc.write.1.tlog
C:\prog\vs\algorithmLearn\sortLearn\sortLearn\Debug\link.command.1.tlog
C:\prog\vs\algorithmLearn\sortLearn\sortLearn\Debug\link.read.1.tlog
C:\prog\vs\algorithmLearn\sortLearn\sortLearn\Debug\link.write.1.tlog
C:\prog\vs\algorithmLearn\sortLearn\sortLearn\Debug\vc110.idb
C:\prog\vs\algorithmLearn\sortLearn\sortLearn\Debug\vc110.pdb
C:\prog\vs\algorithmLearn\sortLearn\Debug\straightInsertSort.pdb
C:\prog\vs\algorithmLearn\sortLearn\Debug\straightInsertSort.exe
C:\prog\vs\algorithmLearn\sortLearn\Debug\straightInsertSort.ilk
