Build started 2016/10/17 20:25:08.
     1>Project "C:\my_program\vs\algorithmLearn\numericalIntegrationLearn\numericalIntegrationLearn\trapezium\trapezium.vcxproj" on node 2 (Build target(s)).
     1>PrepareForBuild:
         Creating directory "Debug\trapezium.tlog\".
       InitializeBuildStatus:
         Creating "Debug\trapezium.tlog\unsuccessfulbuild" because "AlwaysCreate" was specified.
       ClCompile:
         C:\Program Files (x86)\Microsoft Visual Studio 12.0\VC\bin\CL.exe /c /ZI /nologo /W3 /WX- /sdl /Od /Oy- /D WIN32 /D _DEBUG /D _CONSOLE /D _LIB /D _UNICODE /D UNICODE /Gm /EHsc /RTC1 /MDd /GS /fp:precise /Zc:wchar_t /Zc:forScope /Fo"Debug\\" /Fd"Debug\vc120.pdb" /Gd /TP /analyze- /errorReport:prompt main.cpp
         main.cpp
     1>c:\my_program\vs\algorithmlearn\numericalintegrationlearn\numericalintegrationlearn\trapezium\main.cpp(26): warning C4244: 'argument' : conversion from 'double' to 'float', possible loss of data
     1>c:\my_program\vs\algorithmlearn\numericalintegrationlearn\numericalintegrationlearn\trapezium\main.cpp(26): warning C4305: 'argument' : truncation from 'double' to 'float'
       Link:
         C:\Program Files (x86)\Microsoft Visual Studio 12.0\VC\bin\link.exe /ERRORREPORT:PROMPT /OUT:"C:\my_program\vs\algorithmLearn\numericalIntegrationLearn\numericalIntegrationLearn\Debug\trapezium.exe" /INCREMENTAL /NOLOGO glew32.lib glfw3.lib SOIL.lib opengl32.lib glu32.lib kernel32.lib user32.lib gdi32.lib winspool.lib comdlg32.lib advapi32.lib shell32.lib ole32.lib oleaut32.lib uuid.lib odbc32.lib odbccp32.lib /MANIFEST /MANIFESTUAC:"level='asInvoker' uiAccess='false'" /manifest:embed /DEBUG /PDB:"C:\my_program\vs\algorithmLearn\numericalIntegrationLearn\numericalIntegrationLearn\Debug\trapezium.pdb" /SUBSYSTEM:CONSOLE /TLBID:1 /DYNAMICBASE /NXCOMPAT /IMPLIB:"C:\my_program\vs\algorithmLearn\numericalIntegrationLearn\numericalIntegrationLearn\Debug\trapezium.lib" /MACHINE:X86 Debug\main.obj
         trapezium.vcxproj -> C:\my_program\vs\algorithmLearn\numericalIntegrationLearn\numericalIntegrationLearn\Debug\trapezium.exe
       FinalizeBuildStatus:
         Deleting file "Debug\trapezium.tlog\unsuccessfulbuild".
         Touching "Debug\trapezium.tlog\trapezium.lastbuildstate".
     1>Done Building Project "C:\my_program\vs\algorithmLearn\numericalIntegrationLearn\numericalIntegrationLearn\trapezium\trapezium.vcxproj" (Build target(s)).

Build succeeded.

Time Elapsed 00:00:00.85
