C:\PROG\VS\ALGORITHMLEARN\SEARCHLEARN\SEARCHLEARN\DEBUG\MAIN.OBJ
C:\PROG\VS\ALGORITHMLEARN\SEARCHLEARN\SEARCHLEARN\DEBUG\VC110.PDB
C:\PROG\VS\ALGORITHMLEARN\SEARCHLEARN\DEBUG\BINARYSEARCH.ILK
C:\PROG\VS\ALGORITHMLEARN\SEARCHLEARN\DEBUG\BINARYSEARCH.EXE
C:\PROG\VS\ALGORITHMLEARN\SEARCHLEARN\DEBUG\BINARYSEARCH.PDB
C:\prog\vs\algorithmLearn\searchLearn\searchLearn\Debug\main.obj
C:\prog\vs\algorithmLearn\searchLearn\searchLearn\Debug\cl.command.1.tlog
C:\prog\vs\algorithmLearn\searchLearn\searchLearn\Debug\CL.read.1.tlog
C:\prog\vs\algorithmLearn\searchLearn\searchLearn\Debug\CL.write.1.tlog
C:\prog\vs\algorithmLearn\searchLearn\searchLearn\Debug\link-cvtres.read.1.tlog
C:\prog\vs\algorithmLearn\searchLearn\searchLearn\Debug\link-cvtres.write.1.tlog
C:\prog\vs\algorithmLearn\searchLearn\searchLearn\Debug\link-rc.read.1.tlog
C:\prog\vs\algorithmLearn\searchLearn\searchLearn\Debug\link-rc.write.1.tlog
C:\prog\vs\algorithmLearn\searchLearn\searchLearn\Debug\link.command.1.tlog
C:\prog\vs\algorithmLearn\searchLearn\searchLearn\Debug\link.read.1.tlog
C:\prog\vs\algorithmLearn\searchLearn\searchLearn\Debug\link.write.1.tlog
C:\prog\vs\algorithmLearn\searchLearn\searchLearn\Debug\vc110.idb
C:\prog\vs\algorithmLearn\searchLearn\searchLearn\Debug\vc110.pdb
C:\prog\vs\algorithmLearn\searchLearn\Debug\binarySearch.pdb
C:\prog\vs\algorithmLearn\searchLearn\Debug\binarySearch.exe
C:\prog\vs\algorithmLearn\searchLearn\Debug\binarySearch.ilk
