C:\PROG\VS\ALGORITHMLEARN\SORTLEARN\QUICKSORT\DEBUG\MAIN.OBJ
C:\PROG\VS\ALGORITHMLEARN\SORTLEARN\QUICKSORT\DEBUG\VC110.PDB
C:\PROG\VS\ALGORITHMLEARN\SORTLEARN\DEBUG\QUICKSORT.ILK
C:\PROG\VS\ALGORITHMLEARN\SORTLEARN\DEBUG\QUICKSORT.EXE
C:\PROG\VS\ALGORITHMLEARN\SORTLEARN\DEBUG\QUICKSORT.PDB
C:\prog\vs\algorithmLearn\sortLearn\QuickSORT\Debug\main.obj
C:\prog\vs\algorithmLearn\sortLearn\QuickSORT\Debug\cl.command.1.tlog
C:\prog\vs\algorithmLearn\sortLearn\QuickSORT\Debug\CL.read.1.tlog
C:\prog\vs\algorithmLearn\sortLearn\QuickSORT\Debug\CL.write.1.tlog
C:\prog\vs\algorithmLearn\sortLearn\QuickSORT\Debug\link-cvtres.read.1.tlog
C:\prog\vs\algorithmLearn\sortLearn\QuickSORT\Debug\link-cvtres.write.1.tlog
C:\prog\vs\algorithmLearn\sortLearn\QuickSORT\Debug\link-rc.read.1.tlog
C:\prog\vs\algorithmLearn\sortLearn\QuickSORT\Debug\link-rc.write.1.tlog
C:\prog\vs\algorithmLearn\sortLearn\QuickSORT\Debug\link.command.1.tlog
C:\prog\vs\algorithmLearn\sortLearn\QuickSORT\Debug\link.read.1.tlog
C:\prog\vs\algorithmLearn\sortLearn\QuickSORT\Debug\link.write.1.tlog
C:\prog\vs\algorithmLearn\sortLearn\QuickSORT\Debug\vc110.idb
C:\prog\vs\algorithmLearn\sortLearn\QuickSORT\Debug\vc110.pdb
C:\prog\vs\algorithmLearn\sortLearn\Debug\QuickSORT.pdb
C:\prog\vs\algorithmLearn\sortLearn\Debug\QuickSORT.exe
C:\prog\vs\algorithmLearn\sortLearn\Debug\QuickSORT.ilk
