C:\PROG\VS\ALGORITHMLEARN\SEARCHLEARN\SEQUENCELISTDT_SQARCH\DEBUG\MAIN.OBJ
C:\PROG\VS\ALGORITHMLEARN\SEARCHLEARN\SEQUENCELISTDT_SQARCH\DEBUG\VC110.PDB
C:\PROG\VS\ALGORITHMLEARN\SEARCHLEARN\DEBUG\SEQUENCELISTDT_SQARCH.ILK
C:\PROG\VS\ALGORITHMLEARN\SEARCHLEARN\DEBUG\SEQUENCELISTDT_SQARCH.EXE
C:\PROG\VS\ALGORITHMLEARN\SEARCHLEARN\DEBUG\SEQUENCELISTDT_SQARCH.PDB
C:\prog\vs\algorithmLearn\searchLearn\SequenceListDT_Sqarch\Debug\main.obj
C:\prog\vs\algorithmLearn\searchLearn\SequenceListDT_Sqarch\Debug\cl.command.1.tlog
C:\prog\vs\algorithmLearn\searchLearn\SequenceListDT_Sqarch\Debug\CL.read.1.tlog
C:\prog\vs\algorithmLearn\searchLearn\SequenceListDT_Sqarch\Debug\CL.write.1.tlog
C:\prog\vs\algorithmLearn\searchLearn\SequenceListDT_Sqarch\Debug\link-cvtres.read.1.tlog
C:\prog\vs\algorithmLearn\searchLearn\SequenceListDT_Sqarch\Debug\link-cvtres.write.1.tlog
C:\prog\vs\algorithmLearn\searchLearn\SequenceListDT_Sqarch\Debug\link-rc.read.1.tlog
C:\prog\vs\algorithmLearn\searchLearn\SequenceListDT_Sqarch\Debug\link-rc.write.1.tlog
C:\prog\vs\algorithmLearn\searchLearn\SequenceListDT_Sqarch\Debug\link.command.1.tlog
C:\prog\vs\algorithmLearn\searchLearn\SequenceListDT_Sqarch\Debug\link.read.1.tlog
C:\prog\vs\algorithmLearn\searchLearn\SequenceListDT_Sqarch\Debug\link.write.1.tlog
C:\prog\vs\algorithmLearn\searchLearn\SequenceListDT_Sqarch\Debug\vc110.idb
C:\prog\vs\algorithmLearn\searchLearn\SequenceListDT_Sqarch\Debug\vc110.pdb
C:\prog\vs\algorithmLearn\searchLearn\Debug\SequenceListDT_Sqarch.pdb
C:\prog\vs\algorithmLearn\searchLearn\Debug\SequenceListDT_Sqarch.exe
C:\prog\vs\algorithmLearn\searchLearn\Debug\SequenceListDT_Sqarch.ilk
