C:\PROG\VS\ALGORITHMLEARN\SORTLEARN\HEAPSORT\DEBUG\MAIN.OBJ
C:\PROG\VS\ALGORITHMLEARN\SORTLEARN\HEAPSORT\DEBUG\VC110.PDB
C:\PROG\VS\ALGORITHMLEARN\SORTLEARN\DEBUG\HEAPSORT.ILK
C:\PROG\VS\ALGORITHMLEARN\SORTLEARN\DEBUG\HEAPSORT.EXE
C:\PROG\VS\ALGORITHMLEARN\SORTLEARN\DEBUG\HEAPSORT.PDB
C:\prog\vs\algorithmLearn\sortLearn\HeapSort\Debug\main.obj
C:\prog\vs\algorithmLearn\sortLearn\HeapSort\Debug\cl.command.1.tlog
C:\prog\vs\algorithmLearn\sortLearn\HeapSort\Debug\CL.read.1.tlog
C:\prog\vs\algorithmLearn\sortLearn\HeapSort\Debug\CL.write.1.tlog
C:\prog\vs\algorithmLearn\sortLearn\HeapSort\Debug\link-cvtres.read.1.tlog
C:\prog\vs\algorithmLearn\sortLearn\HeapSort\Debug\link-cvtres.write.1.tlog
C:\prog\vs\algorithmLearn\sortLearn\HeapSort\Debug\link-rc.read.1.tlog
C:\prog\vs\algorithmLearn\sortLearn\HeapSort\Debug\link-rc.write.1.tlog
C:\prog\vs\algorithmLearn\sortLearn\HeapSort\Debug\link.command.1.tlog
C:\prog\vs\algorithmLearn\sortLearn\HeapSort\Debug\link.read.1.tlog
C:\prog\vs\algorithmLearn\sortLearn\HeapSort\Debug\link.write.1.tlog
C:\prog\vs\algorithmLearn\sortLearn\HeapSort\Debug\vc110.idb
C:\prog\vs\algorithmLearn\sortLearn\HeapSort\Debug\vc110.pdb
C:\prog\vs\algorithmLearn\sortLearn\Debug\HeapSort.pdb
C:\prog\vs\algorithmLearn\sortLearn\Debug\HeapSort.exe
C:\prog\vs\algorithmLearn\sortLearn\Debug\HeapSort.ilk
